{
  "stats": {
    "suites": 1,
    "tests": 4,
    "passes": 4,
    "pending": 0,
    "failures": 0,
    "start": "2025-02-15T19:00:56.476Z",
    "end": "2025-02-15T19:01:01.755Z",
    "duration": 5279,
    "testsRegistered": 4,
    "passPercent": 100,
    "pendingPercent": 0,
    "other": 0,
    "hasOther": false,
    "skipped": 0,
    "hasSkipped": false
  },
  "results": [
    {
      "uuid": "37f6bef6-2d0c-46d6-9d78-528933a8077d",
      "title": "",
      "fullFile": "cypress\\e2e\\login_form.cy.js",
      "file": "cypress\\e2e\\login_form.cy.js",
      "beforeHooks": [],
      "afterHooks": [],
      "tests": [],
      "suites": [
        {
          "uuid": "6e265d89-975d-4bd5-9539-43ec9f8d8da1",
          "title": "Login Form",
          "fullFile": "",
          "file": "",
          "beforeHooks": [],
          "afterHooks": [],
          "tests": [
            {
              "title": "should open the login modal when clicking the Sign in button",
              "fullTitle": "Login Form should open the login modal when clicking the Sign in button",
              "timedOut": null,
              "duration": 1608,
              "state": "passed",
              "speed": "fast",
              "pass": true,
              "fail": false,
              "pending": false,
              "context": null,
              "code": "cy.get('button.btn.btn-outline-white.header_signin').click();\ncy.get('.modal-body').should('be.visible');",
              "err": {},
              "uuid": "b4b8c35b-d0cd-4d8e-a8e6-890aa27fb9cb",
              "parentUUID": "6e265d89-975d-4bd5-9539-43ec9f8d8da1",
              "isHook": false,
              "skipped": false
            },
            {
              "title": "should show login form inside the modal",
              "fullTitle": "Login Form should show login form inside the modal",
              "timedOut": null,
              "duration": 661,
              "state": "passed",
              "speed": "fast",
              "pass": true,
              "fail": false,
              "pending": false,
              "context": null,
              "code": "cy.get('button.btn.btn-outline-white.header_signin').click();\ncy.get('.modal-body').should('be.visible');\ncy.get('#signinEmail').should('be.visible');\ncy.get('#signinPassword').should('be.visible');",
              "err": {},
              "uuid": "233feb24-27a2-456e-9883-6b3474b5127a",
              "parentUUID": "6e265d89-975d-4bd5-9539-43ec9f8d8da1",
              "isHook": false,
              "skipped": false
            },
            {
              "title": "should be able to login with correct credentials and land on garage page",
              "fullTitle": "Login Form should be able to login with correct credentials and land on garage page",
              "timedOut": null,
              "duration": 1898,
              "state": "passed",
              "speed": "fast",
              "pass": true,
              "fail": false,
              "pending": false,
              "context": null,
              "code": "cy.get('button.btn.btn-outline-white.header_signin').click();\ncy.get('#signinEmail').type('test1@example.com');\ncy.get('#signinPassword').type('Test1234', {\n  sensitive: true\n}); // Пароль маскується в логах\ncy.get('.modal-footer > .btn-primary').click();\ncy.url().should('eq', 'https://qauto.forstudy.space/panel/garage');\ncy.get('.container', {\n  timeout: 15000\n}).should('be.visible');",
              "err": {},
              "uuid": "68dc8ec4-4532-480c-a18d-0d968ebffd9e",
              "parentUUID": "6e265d89-975d-4bd5-9539-43ec9f8d8da1",
              "isHook": false,
              "skipped": false
            },
            {
              "title": "should be able to close the login modal",
              "fullTitle": "Login Form should be able to close the login modal",
              "timedOut": null,
              "duration": 861,
              "state": "passed",
              "speed": "fast",
              "pass": true,
              "fail": false,
              "pending": false,
              "context": null,
              "code": "cy.get('button.btn.btn-outline-white.header_signin').click();\ncy.get('.modal-body').should('be.visible');\ncy.get('.close > span').click();\ncy.get('.modal-body').should('not.exist');",
              "err": {},
              "uuid": "e61cd5e9-09f2-4548-9f9b-3858f21385ef",
              "parentUUID": "6e265d89-975d-4bd5-9539-43ec9f8d8da1",
              "isHook": false,
              "skipped": false
            }
          ],
          "suites": [],
          "passes": [
            "b4b8c35b-d0cd-4d8e-a8e6-890aa27fb9cb",
            "233feb24-27a2-456e-9883-6b3474b5127a",
            "68dc8ec4-4532-480c-a18d-0d968ebffd9e",
            "e61cd5e9-09f2-4548-9f9b-3858f21385ef"
          ],
          "failures": [],
          "pending": [],
          "skipped": [],
          "duration": 5028,
          "root": false,
          "rootEmpty": false,
          "_timeout": 2000
        }
      ],
      "passes": [],
      "failures": [],
      "pending": [],
      "skipped": [],
      "duration": 0,
      "root": true,
      "rootEmpty": true,
      "_timeout": 2000
    }
  ],
  "meta": {
    "mocha": {
      "version": "7.0.1"
    },
    "mochawesome": {
      "options": {
        "quiet": false,
        "reportFilename": "mochawesome",
        "saveHtml": true,
        "saveJson": true,
        "consoleReporter": "spec",
        "useInlineDiffs": false,
        "code": true
      },
      "version": "7.1.3"
    },
    "marge": {
      "options": {
        "reportDir": "cypress/reports/qauto",
        "overwrite": false,
        "html": true,
        "json": true,
        "charts": true
      },
      "version": "6.2.0"
    }
  }
}