{
  "stats": {
    "suites": 1,
    "tests": 11,
    "passes": 11,
    "pending": 0,
    "failures": 0,
    "start": "2025-02-15T18:39:46.463Z",
    "end": "2025-02-15T18:40:41.357Z",
    "duration": 54894,
    "testsRegistered": 11,
    "passPercent": 100,
    "pendingPercent": 0,
    "other": 0,
    "hasOther": false,
    "skipped": 0,
    "hasSkipped": false
  },
  "results": [
    {
      "uuid": "b5c104c7-c3a5-4b3d-801f-90fd5ae7a7f0",
      "title": "",
      "fullFile": "cypress\\e2e\\registration_form.cy.js",
      "file": "cypress\\e2e\\registration_form.cy.js",
      "beforeHooks": [],
      "afterHooks": [],
      "tests": [],
      "suites": [
        {
          "uuid": "842ae018-3ee3-45f1-9817-a6a03ccd8232",
          "title": "Basic Auth Test with Registration Form - Full Validation",
          "fullFile": "",
          "file": "",
          "beforeHooks": [],
          "afterHooks": [],
          "tests": [
            {
              "title": "should validate required fields only after losing focus",
              "fullTitle": "Basic Auth Test with Registration Form - Full Validation should validate required fields only after losing focus",
              "timedOut": null,
              "duration": 11058,
              "state": "passed",
              "speed": "slow",
              "pass": true,
              "fail": false,
              "pending": false,
              "context": null,
              "code": "checkRequiredField('#signupName', 'Name required');\ncheckRequiredField('#signupLastName', 'Last name required');\ncheckRequiredField('#signupEmail', 'Email required');\ncheckRequiredField('#signupPassword', 'Password required');\ncheckRequiredField('#signupRepeatPassword', 'Re-enter password required');",
              "err": {},
              "uuid": "e59ace07-ec87-409c-a69d-022c660ea5b5",
              "parentUUID": "842ae018-3ee3-45f1-9817-a6a03ccd8232",
              "isHook": false,
              "skipped": false
            },
            {
              "title": "should validate the Name field",
              "fullTitle": "Basic Auth Test with Registration Form - Full Validation should validate the Name field",
              "timedOut": null,
              "duration": 3647,
              "state": "passed",
              "speed": "fast",
              "pass": true,
              "fail": false,
              "pending": false,
              "context": null,
              "code": "cy.get('#signupName').clear().type('1'); // Вводимо 1 символ\n// Імітація втрати фокусу для активації валідації\ncy.get('#signupName').blur();\n// Перевіряємо, що з'явився тултіп з класом \"invalid-feedback\"\ncy.get('.invalid-feedback').should('be.visible').and('contain', 'Name is invalid').and('contain', 'Name has to be from 2 to 20 characters long');",
              "err": {},
              "uuid": "c03e897a-de83-4ef3-b214-3ae9b951d191",
              "parentUUID": "842ae018-3ee3-45f1-9817-a6a03ccd8232",
              "isHook": false,
              "skipped": false
            },
            {
              "title": "should show validation error for a name longer than 20 characters",
              "fullTitle": "Basic Auth Test with Registration Form - Full Validation should show validation error for a name longer than 20 characters",
              "timedOut": null,
              "duration": 3484,
              "state": "passed",
              "speed": "fast",
              "pass": true,
              "fail": false,
              "pending": false,
              "context": null,
              "code": "const longName = 'ThisNameIsWayTooLong'; // 21 символ\ncy.get('#signupName').clear().type(`   ${longName}   `).blur(); // Тестуємо trim()\n// Перевіряємо тултіп для 21+ символу\ncy.get('.invalid-feedback').should('be.visible').and('contain', 'Name is invalid').and('contain', 'Name has to be from 2 to 20 characters long');",
              "err": {},
              "uuid": "c0e30533-7e0b-492e-b4bb-8d51a14e35c7",
              "parentUUID": "842ae018-3ee3-45f1-9817-a6a03ccd8232",
              "isHook": false,
              "skipped": false
            },
            {
              "title": "should allow a valid name (between 2 and 20 characters)",
              "fullTitle": "Basic Auth Test with Registration Form - Full Validation should allow a valid name (between 2 and 20 characters)",
              "timedOut": null,
              "duration": 4207,
              "state": "passed",
              "speed": "fast",
              "pass": true,
              "fail": false,
              "pending": false,
              "context": null,
              "code": "const validName = 'John'; // 4 символа\ncy.get('#signupName').clear().type(`   ${validName}   `).blur(); // Тестуємо trim()\n// Переконуємося, що червоний бордер ВІДСУТНІЙ\ncy.get('#signupName').should('not.have.css', 'border-color', 'rgb(220, 53, 69)');",
              "err": {},
              "uuid": "21634747-45fd-4a5e-8066-2f00bc160267",
              "parentUUID": "842ae018-3ee3-45f1-9817-a6a03ccd8232",
              "isHook": false,
              "skipped": false
            },
            {
              "title": "should validate the Last Name field",
              "fullTitle": "Basic Auth Test with Registration Form - Full Validation should validate the Last Name field",
              "timedOut": null,
              "duration": 3188,
              "state": "passed",
              "speed": "fast",
              "pass": true,
              "fail": false,
              "pending": false,
              "context": null,
              "code": "cy.get('#signupLastName').clear().type('1@!');\ncy.get('#signupLastName').blur();\ncy.get('.invalid-feedback').should('contain', 'Last name is invalid');",
              "err": {},
              "uuid": "175b3d64-214a-4864-82e3-f01bb0626356",
              "parentUUID": "842ae018-3ee3-45f1-9817-a6a03ccd8232",
              "isHook": false,
              "skipped": false
            },
            {
              "title": "should show validation error for a name longer than 20 characters",
              "fullTitle": "Basic Auth Test with Registration Form - Full Validation should show validation error for a name longer than 20 characters",
              "timedOut": null,
              "duration": 3448,
              "state": "passed",
              "speed": "fast",
              "pass": true,
              "fail": false,
              "pending": false,
              "context": null,
              "code": "const longName = 'ThisNameIsWayTooLong2'; // 21 символ\ncy.get('#signupLastName').clear().type(`   ${longName}   `).blur(); // Тестуємо trim()\n// Перевіряємо тултіп для 21+ символу\ncy.get('.invalid-feedback').should('be.visible').and('contain', 'Last name is invalid').and('contain', 'Last name has to be from 2 to 20 characters long');",
              "err": {},
              "uuid": "cd793846-a0d4-4754-ba4f-ea4c2935044b",
              "parentUUID": "842ae018-3ee3-45f1-9817-a6a03ccd8232",
              "isHook": false,
              "skipped": false
            },
            {
              "title": "should validate the Email field",
              "fullTitle": "Basic Auth Test with Registration Form - Full Validation should validate the Email field",
              "timedOut": null,
              "duration": 6514,
              "state": "passed",
              "speed": "medium",
              "pass": true,
              "fail": false,
              "pending": false,
              "context": null,
              "code": "cy.get('#signupEmail').clear().type('invalid-email');\ncy.get('#signupEmail').blur();\ncy.get('.invalid-feedback').should('contain', 'Email is incorrect');",
              "err": {},
              "uuid": "a2bf0cdc-e394-4f74-abbb-c280541d275f",
              "parentUUID": "842ae018-3ee3-45f1-9817-a6a03ccd8232",
              "isHook": false,
              "skipped": false
            },
            {
              "title": "should validate the Password field",
              "fullTitle": "Basic Auth Test with Registration Form - Full Validation should validate the Password field",
              "timedOut": null,
              "duration": 4966,
              "state": "passed",
              "speed": "fast",
              "pass": true,
              "fail": false,
              "pending": false,
              "context": null,
              "code": "// Перевірка занадто короткого паролю\ncy.get('#signupPassword').clear().type('short');\ncy.get('#signupPassword').blur();\ncy.get('.invalid-feedback').should('contain', 'Password has to be from 8 to 15 characters long and contain at least one integer, one capital, and one small letter');\n// Перевірка занадто довгого пароля\ncy.get('#signupPassword').clear().type('ThisIsAVeryLongPassword123');\ncy.get('#signupPassword').blur();\ncy.get('.invalid-feedback').should('contain', 'Password has to be from 8 to 15 characters long and contain at least one integer, one capital, and one small letter');\n// Перевірка пароля без цифр\ncy.get('#signupPassword').clear().type('NoNumbersHere');\ncy.get('#signupPassword').blur();\ncy.get('.invalid-feedback').should('contain', 'Password has to be from 8 to 15 characters long and contain at least one integer, one capital, and one small letter');\n// Перевірка пароля без великих літер\ncy.get('#signupPassword').clear().type('lowercase123');\ncy.get('#signupPassword').blur();\ncy.get('.invalid-feedback').should('contain', 'Password has to be from 8 to 15 characters long and contain at least one integer, one capital, and one small letter');\n// Перевірка пароля без маленьких літер\ncy.get('#signupPassword').clear().type('UPPERCASE123');\ncy.get('#signupPassword').blur();\ncy.get('.invalid-feedback').should('contain', 'Password has to be from 8 to 15 characters long and contain at least one integer, one capital, and one small letter');",
              "err": {},
              "uuid": "39659181-82cb-42f9-b6cf-f6dce7eecf46",
              "parentUUID": "842ae018-3ee3-45f1-9817-a6a03ccd8232",
              "isHook": false,
              "skipped": false
            },
            {
              "title": "should validate the Re-enter Password field",
              "fullTitle": "Basic Auth Test with Registration Form - Full Validation should validate the Re-enter Password field",
              "timedOut": null,
              "duration": 5259,
              "state": "passed",
              "speed": "medium",
              "pass": true,
              "fail": false,
              "pending": false,
              "context": null,
              "code": "cy.get('#signupPassword').clear().type('Password1'); // Вводимо пароль\ncy.get('#signupRepeatPassword').clear().type('WrongPassword1').blur(); // Вводимо інший повторний пароль\n// Очікуємо появу тултіпа\ncy.get('.invalid-feedback').should('be.visible') // Переконуємося, що він з'явився\n.and('contain.text', 'Passwords do not match'); // Переконуємося, що текст правильний\n// Переконуємося, що поле підсвічується червоним\ncy.get('#signupRepeatPassword').should('have.css', 'border-color', 'rgb(220, 53, 69)'); // Червоний бордер",
              "err": {},
              "uuid": "8336e0bf-61a9-4806-b7e8-09b0b59bffae",
              "parentUUID": "842ae018-3ee3-45f1-9817-a6a03ccd8232",
              "isHook": false,
              "skipped": false
            },
            {
              "title": "should disable the Register button when data is incorrect",
              "fullTitle": "Basic Auth Test with Registration Form - Full Validation should disable the Register button when data is incorrect",
              "timedOut": null,
              "duration": 3588,
              "state": "passed",
              "speed": "fast",
              "pass": true,
              "fail": false,
              "pending": false,
              "context": null,
              "code": "cy.get('#signupName').clear();\ncy.get('#signupLastName').clear();\ncy.get('#signupEmail').clear();\ncy.get('#signupPassword').clear();\ncy.get('#signupRepeatPassword').clear();\ncy.get('.modal-footer > .btn').should('be.disabled');",
              "err": {},
              "uuid": "2f5857f3-5168-4b9a-8bd7-fe1fc1251fd1",
              "parentUUID": "842ae018-3ee3-45f1-9817-a6a03ccd8232",
              "isHook": false,
              "skipped": false
            },
            {
              "title": "should enable the Register button when all data is valid",
              "fullTitle": "Basic Auth Test with Registration Form - Full Validation should enable the Register button when all data is valid",
              "timedOut": null,
              "duration": 4693,
              "state": "passed",
              "speed": "fast",
              "pass": true,
              "fail": false,
              "pending": false,
              "context": null,
              "code": "// Вводимо валідні дані у поля\ncy.get('#signupName').clear().type('ValidName'); // Валідне ім'я\ncy.get('#signupLastName').clear().type('ValidLastName'); // Валідне прізвище\ncy.get('#signupEmail').clear().type('validemail@example.com'); // Валідний email\ncy.get('#signupPassword').clear().type('Password1'); // Валідний пароль\ncy.get('#signupRepeatPassword').clear().type('Password1'); // Повторений валідний пароль\n// Перевірка, що кнопка реєстрації активна\ncy.get('.modal-footer > .btn').should('not.be.disabled');",
              "err": {},
              "uuid": "656bb283-e856-46d5-8354-2e3ab54a58ef",
              "parentUUID": "842ae018-3ee3-45f1-9817-a6a03ccd8232",
              "isHook": false,
              "skipped": false
            }
          ],
          "suites": [],
          "passes": [
            "e59ace07-ec87-409c-a69d-022c660ea5b5",
            "c03e897a-de83-4ef3-b214-3ae9b951d191",
            "c0e30533-7e0b-492e-b4bb-8d51a14e35c7",
            "21634747-45fd-4a5e-8066-2f00bc160267",
            "175b3d64-214a-4864-82e3-f01bb0626356",
            "cd793846-a0d4-4754-ba4f-ea4c2935044b",
            "a2bf0cdc-e394-4f74-abbb-c280541d275f",
            "39659181-82cb-42f9-b6cf-f6dce7eecf46",
            "8336e0bf-61a9-4806-b7e8-09b0b59bffae",
            "2f5857f3-5168-4b9a-8bd7-fe1fc1251fd1",
            "656bb283-e856-46d5-8354-2e3ab54a58ef"
          ],
          "failures": [],
          "pending": [],
          "skipped": [],
          "duration": 54052,
          "root": false,
          "rootEmpty": false,
          "_timeout": 2000
        }
      ],
      "passes": [],
      "failures": [],
      "pending": [],
      "skipped": [],
      "duration": 0,
      "root": true,
      "rootEmpty": true,
      "_timeout": 2000
    }
  ],
  "meta": {
    "mocha": {
      "version": "7.0.1"
    },
    "mochawesome": {
      "options": {
        "quiet": false,
        "reportFilename": "mochawesome",
        "saveHtml": true,
        "saveJson": true,
        "consoleReporter": "spec",
        "useInlineDiffs": false,
        "code": true
      },
      "version": "7.1.3"
    },
    "marge": {
      "options": {
        "reportDir": "cypress/reports/qauto",
        "overwrite": false,
        "html": true,
        "json": true,
        "charts": true
      },
      "version": "6.2.0"
    }
  }
}