{
  "stats": {
    "suites": 2,
    "tests": 8,
    "passes": 8,
    "pending": 0,
    "failures": 0,
    "start": "2025-02-15T18:34:01.801Z",
    "end": "2025-02-15T18:34:04.292Z",
    "duration": 2491,
    "testsRegistered": 8,
    "passPercent": 100,
    "pendingPercent": 0,
    "other": 0,
    "hasOther": false,
    "skipped": 0,
    "hasSkipped": false
  },
  "results": [
    {
      "uuid": "de9b7020-e5bc-4380-acac-045ceedd5ef9",
      "title": "",
      "fullFile": "cypress\\e2e\\2-advanced-examples\\connectors.cy.js",
      "file": "cypress\\e2e\\2-advanced-examples\\connectors.cy.js",
      "beforeHooks": [],
      "afterHooks": [],
      "tests": [],
      "suites": [
        {
          "uuid": "0c79c80d-a844-4694-ad31-85b0c6b28ba4",
          "title": "Connectors",
          "fullFile": "",
          "file": "",
          "beforeHooks": [],
          "afterHooks": [],
          "tests": [
            {
              "title": ".each() - iterate over an array of elements",
              "fullTitle": "Connectors .each() - iterate over an array of elements",
              "timedOut": null,
              "duration": 343,
              "state": "passed",
              "speed": "fast",
              "pass": true,
              "fail": false,
              "pending": false,
              "context": null,
              "code": "// https://on.cypress.io/each\ncy.get('.connectors-each-ul>li').each(($el, index, $list) => {\n  console.log($el, index, $list);\n});",
              "err": {},
              "uuid": "0becbbd4-614b-409a-838a-049141ace8c0",
              "parentUUID": "0c79c80d-a844-4694-ad31-85b0c6b28ba4",
              "isHook": false,
              "skipped": false
            },
            {
              "title": ".its() - get properties on the current subject",
              "fullTitle": "Connectors .its() - get properties on the current subject",
              "timedOut": null,
              "duration": 162,
              "state": "passed",
              "speed": "fast",
              "pass": true,
              "fail": false,
              "pending": false,
              "context": null,
              "code": "// https://on.cypress.io/its\ncy.get('.connectors-its-ul>li')\n// calls the 'length' property yielding that value\n.its('length').should('be.gt', 2);",
              "err": {},
              "uuid": "a74d42b1-c9b8-48a8-a15a-557586723040",
              "parentUUID": "0c79c80d-a844-4694-ad31-85b0c6b28ba4",
              "isHook": false,
              "skipped": false
            },
            {
              "title": ".invoke() - invoke a function on the current subject",
              "fullTitle": "Connectors .invoke() - invoke a function on the current subject",
              "timedOut": null,
              "duration": 134,
              "state": "passed",
              "speed": "fast",
              "pass": true,
              "fail": false,
              "pending": false,
              "context": null,
              "code": "// our div is hidden in our script.js\n// $('.connectors-div').hide()\ncy.get('.connectors-div').should('be.hidden');\n// https://on.cypress.io/invoke\n// call the jquery method 'show' on the 'div.container'\ncy.get('.connectors-div').invoke('show');\ncy.get('.connectors-div').should('be.visible');",
              "err": {},
              "uuid": "0011fd38-a840-4e26-9719-7c21f345ad54",
              "parentUUID": "0c79c80d-a844-4694-ad31-85b0c6b28ba4",
              "isHook": false,
              "skipped": false
            },
            {
              "title": ".spread() - spread an array as individual args to callback function",
              "fullTitle": "Connectors .spread() - spread an array as individual args to callback function",
              "timedOut": null,
              "duration": 141,
              "state": "passed",
              "speed": "fast",
              "pass": true,
              "fail": false,
              "pending": false,
              "context": null,
              "code": "// https://on.cypress.io/spread\nconst arr = ['foo', 'bar', 'baz'];\ncy.wrap(arr).spread((foo, bar, baz) => {\n  expect(foo).to.eq('foo');\n  expect(bar).to.eq('bar');\n  expect(baz).to.eq('baz');\n});",
              "err": {},
              "uuid": "1d0b2e82-585c-4980-9b16-cb0d76915949",
              "parentUUID": "0c79c80d-a844-4694-ad31-85b0c6b28ba4",
              "isHook": false,
              "skipped": false
            }
          ],
          "suites": [
            {
              "uuid": "fb3f56a3-a304-4493-9806-4efcba612ab2",
              "title": ".then()",
              "fullFile": "",
              "file": "",
              "beforeHooks": [],
              "afterHooks": [],
              "tests": [
                {
                  "title": "invokes a callback function with the current subject",
                  "fullTitle": "Connectors .then() invokes a callback function with the current subject",
                  "timedOut": null,
                  "duration": 127,
                  "state": "passed",
                  "speed": "fast",
                  "pass": true,
                  "fail": false,
                  "pending": false,
                  "context": null,
                  "code": "// https://on.cypress.io/then\ncy.get('.connectors-list > li').then($lis => {\n  expect($lis, '3 items').to.have.length(3);\n  expect($lis.eq(0), 'first item').to.contain('Walk the dog');\n  expect($lis.eq(1), 'second item').to.contain('Feed the cat');\n  expect($lis.eq(2), 'third item').to.contain('Write JavaScript');\n});",
                  "err": {},
                  "uuid": "e6accfc7-0d76-4562-934a-e31e3e244073",
                  "parentUUID": "fb3f56a3-a304-4493-9806-4efcba612ab2",
                  "isHook": false,
                  "skipped": false
                },
                {
                  "title": "yields the returned value to the next command",
                  "fullTitle": "Connectors .then() yields the returned value to the next command",
                  "timedOut": null,
                  "duration": 110,
                  "state": "passed",
                  "speed": "fast",
                  "pass": true,
                  "fail": false,
                  "pending": false,
                  "context": null,
                  "code": "cy.wrap(1).then(num => {\n  expect(num).to.equal(1);\n  return 2;\n}).then(num => {\n  expect(num).to.equal(2);\n});",
                  "err": {},
                  "uuid": "25e6bc7a-a0e3-49ca-8a16-0c32450f7119",
                  "parentUUID": "fb3f56a3-a304-4493-9806-4efcba612ab2",
                  "isHook": false,
                  "skipped": false
                },
                {
                  "title": "yields the original subject without return",
                  "fullTitle": "Connectors .then() yields the original subject without return",
                  "timedOut": null,
                  "duration": 131,
                  "state": "passed",
                  "speed": "fast",
                  "pass": true,
                  "fail": false,
                  "pending": false,
                  "context": null,
                  "code": "cy.wrap(1).then(num => {\n  expect(num).to.equal(1);\n  // note that nothing is returned from this callback\n}).then(num => {\n  // this callback receives the original unchanged value 1\n  expect(num).to.equal(1);\n});",
                  "err": {},
                  "uuid": "ab08f1d9-76cc-449e-8c84-8fcdfb998088",
                  "parentUUID": "fb3f56a3-a304-4493-9806-4efcba612ab2",
                  "isHook": false,
                  "skipped": false
                },
                {
                  "title": "yields the value yielded by the last Cypress command inside",
                  "fullTitle": "Connectors .then() yields the value yielded by the last Cypress command inside",
                  "timedOut": null,
                  "duration": 129,
                  "state": "passed",
                  "speed": "fast",
                  "pass": true,
                  "fail": false,
                  "pending": false,
                  "context": null,
                  "code": "cy.wrap(1).then(num => {\n  expect(num).to.equal(1);\n  // note how we run a Cypress command\n  // the result yielded by this Cypress command\n  // will be passed to the second \".then\"\n  cy.wrap(2);\n}).then(num => {\n  // this callback receives the value yielded by \"cy.wrap(2)\"\n  expect(num).to.equal(2);\n});",
                  "err": {},
                  "uuid": "123b3553-79ea-4ccc-a9de-fefb5ac4c50d",
                  "parentUUID": "fb3f56a3-a304-4493-9806-4efcba612ab2",
                  "isHook": false,
                  "skipped": false
                }
              ],
              "suites": [],
              "passes": [
                "e6accfc7-0d76-4562-934a-e31e3e244073",
                "25e6bc7a-a0e3-49ca-8a16-0c32450f7119",
                "ab08f1d9-76cc-449e-8c84-8fcdfb998088",
                "123b3553-79ea-4ccc-a9de-fefb5ac4c50d"
              ],
              "failures": [],
              "pending": [],
              "skipped": [],
              "duration": 497,
              "root": false,
              "rootEmpty": false,
              "_timeout": 2000
            }
          ],
          "passes": [
            "0becbbd4-614b-409a-838a-049141ace8c0",
            "a74d42b1-c9b8-48a8-a15a-557586723040",
            "0011fd38-a840-4e26-9719-7c21f345ad54",
            "1d0b2e82-585c-4980-9b16-cb0d76915949"
          ],
          "failures": [],
          "pending": [],
          "skipped": [],
          "duration": 780,
          "root": false,
          "rootEmpty": false,
          "_timeout": 2000
        }
      ],
      "passes": [],
      "failures": [],
      "pending": [],
      "skipped": [],
      "duration": 0,
      "root": true,
      "rootEmpty": true,
      "_timeout": 2000
    }
  ],
  "meta": {
    "mocha": {
      "version": "7.0.1"
    },
    "mochawesome": {
      "options": {
        "quiet": false,
        "reportFilename": "mochawesome",
        "saveHtml": true,
        "saveJson": true,
        "consoleReporter": "spec",
        "useInlineDiffs": false,
        "code": true
      },
      "version": "7.1.3"
    },
    "marge": {
      "options": {
        "reportDir": "cypress/reports/qauto",
        "overwrite": false,
        "html": true,
        "json": true,
        "charts": true
      },
      "version": "6.2.0"
    }
  }
}