{
  "stats": {
    "suites": 1,
    "tests": 4,
    "passes": 4,
    "pending": 0,
    "failures": 0,
    "start": "2025-02-15T18:32:21.651Z",
    "end": "2025-02-15T18:32:27.238Z",
    "duration": 5587,
    "testsRegistered": 4,
    "passPercent": 100,
    "pendingPercent": 0,
    "other": 0,
    "hasOther": false,
    "skipped": 0,
    "hasSkipped": false
  },
  "results": [
    {
      "uuid": "4b234e1c-cd77-4ebe-ac48-a22e8f37acfa",
      "title": "",
      "fullFile": "cypress\\e2e\\login_form.cy.js",
      "file": "cypress\\e2e\\login_form.cy.js",
      "beforeHooks": [],
      "afterHooks": [],
      "tests": [],
      "suites": [
        {
          "uuid": "2298d237-3a46-4aac-8da0-c9ec3b276698",
          "title": "Login Form",
          "fullFile": "",
          "file": "",
          "beforeHooks": [],
          "afterHooks": [],
          "tests": [
            {
              "title": "should open the login modal when clicking the Sign in button",
              "fullTitle": "Login Form should open the login modal when clicking the Sign in button",
              "timedOut": null,
              "duration": 1680,
              "state": "passed",
              "speed": "fast",
              "pass": true,
              "fail": false,
              "pending": false,
              "context": null,
              "code": "cy.get('button.btn.btn-outline-white.header_signin').click();\ncy.get('.modal-body').should('be.visible');",
              "err": {},
              "uuid": "ba90efc9-cc61-4c1d-ba45-2cfb36430abb",
              "parentUUID": "2298d237-3a46-4aac-8da0-c9ec3b276698",
              "isHook": false,
              "skipped": false
            },
            {
              "title": "should show login form inside the modal",
              "fullTitle": "Login Form should show login form inside the modal",
              "timedOut": null,
              "duration": 834,
              "state": "passed",
              "speed": "fast",
              "pass": true,
              "fail": false,
              "pending": false,
              "context": null,
              "code": "cy.get('button.btn.btn-outline-white.header_signin').click();\ncy.get('.modal-body').should('be.visible');\ncy.get('#signinEmail').should('be.visible');\ncy.get('#signinPassword').should('be.visible');",
              "err": {},
              "uuid": "cfe9b74f-f14a-46e1-91a8-a0fb1c92a894",
              "parentUUID": "2298d237-3a46-4aac-8da0-c9ec3b276698",
              "isHook": false,
              "skipped": false
            },
            {
              "title": "should be able to login with correct credentials and land on garage page",
              "fullTitle": "Login Form should be able to login with correct credentials and land on garage page",
              "timedOut": null,
              "duration": 1965,
              "state": "passed",
              "speed": "fast",
              "pass": true,
              "fail": false,
              "pending": false,
              "context": null,
              "code": "cy.get('button.btn.btn-outline-white.header_signin').click();\ncy.get('#signinEmail').type('test1@example.com');\ncy.get('#signinPassword').type('Test1234', {\n  sensitive: true\n}); // Пароль маскується в логах\ncy.get('.modal-footer > .btn-primary').click();\ncy.url().should('eq', 'https://qauto.forstudy.space/panel/garage');\ncy.get('.container', {\n  timeout: 15000\n}).should('be.visible');",
              "err": {},
              "uuid": "1aa1c0e3-87b4-44f7-81b6-e6f51c3439c9",
              "parentUUID": "2298d237-3a46-4aac-8da0-c9ec3b276698",
              "isHook": false,
              "skipped": false
            },
            {
              "title": "should be able to close the login modal",
              "fullTitle": "Login Form should be able to close the login modal",
              "timedOut": null,
              "duration": 860,
              "state": "passed",
              "speed": "fast",
              "pass": true,
              "fail": false,
              "pending": false,
              "context": null,
              "code": "cy.get('button.btn.btn-outline-white.header_signin').click();\ncy.get('.modal-body').should('be.visible');\ncy.get('.close > span').click();\ncy.get('.modal-body').should('not.exist');",
              "err": {},
              "uuid": "0b63913c-1d7a-4825-adf9-aa108203b314",
              "parentUUID": "2298d237-3a46-4aac-8da0-c9ec3b276698",
              "isHook": false,
              "skipped": false
            }
          ],
          "suites": [],
          "passes": [
            "ba90efc9-cc61-4c1d-ba45-2cfb36430abb",
            "cfe9b74f-f14a-46e1-91a8-a0fb1c92a894",
            "1aa1c0e3-87b4-44f7-81b6-e6f51c3439c9",
            "0b63913c-1d7a-4825-adf9-aa108203b314"
          ],
          "failures": [],
          "pending": [],
          "skipped": [],
          "duration": 5339,
          "root": false,
          "rootEmpty": false,
          "_timeout": 2000
        }
      ],
      "passes": [],
      "failures": [],
      "pending": [],
      "skipped": [],
      "duration": 0,
      "root": true,
      "rootEmpty": true,
      "_timeout": 2000
    }
  ],
  "meta": {
    "mocha": {
      "version": "7.0.1"
    },
    "mochawesome": {
      "options": {
        "quiet": false,
        "reportFilename": "mochawesome",
        "saveHtml": true,
        "saveJson": true,
        "consoleReporter": "spec",
        "useInlineDiffs": false,
        "code": true
      },
      "version": "7.1.3"
    },
    "marge": {
      "options": {
        "reportDir": "cypress/reports/qauto",
        "overwrite": false,
        "html": true,
        "json": true,
        "charts": true
      },
      "version": "6.2.0"
    }
  }
}