{
  "stats": {
    "suites": 1,
    "tests": 11,
    "passes": 11,
    "pending": 0,
    "failures": 0,
    "start": "2025-02-15T19:01:03.052Z",
    "end": "2025-02-15T19:01:56.182Z",
    "duration": 53130,
    "testsRegistered": 11,
    "passPercent": 100,
    "pendingPercent": 0,
    "other": 0,
    "hasOther": false,
    "skipped": 0,
    "hasSkipped": false
  },
  "results": [
    {
      "uuid": "a15570ef-7638-4492-89e6-469b00f88ed9",
      "title": "",
      "fullFile": "cypress\\e2e\\registration_form.cy.js",
      "file": "cypress\\e2e\\registration_form.cy.js",
      "beforeHooks": [],
      "afterHooks": [],
      "tests": [],
      "suites": [
        {
          "uuid": "e756f284-ddb7-4010-b53a-7369434f4659",
          "title": "Basic Auth Test with Registration Form - Full Validation",
          "fullFile": "",
          "file": "",
          "beforeHooks": [],
          "afterHooks": [],
          "tests": [
            {
              "title": "should validate required fields only after losing focus",
              "fullTitle": "Basic Auth Test with Registration Form - Full Validation should validate required fields only after losing focus",
              "timedOut": null,
              "duration": 10961,
              "state": "passed",
              "speed": "slow",
              "pass": true,
              "fail": false,
              "pending": false,
              "context": null,
              "code": "checkRequiredField('#signupName', 'Name required');\ncheckRequiredField('#signupLastName', 'Last name required');\ncheckRequiredField('#signupEmail', 'Email required');\ncheckRequiredField('#signupPassword', 'Password required');\ncheckRequiredField('#signupRepeatPassword', 'Re-enter password required');",
              "err": {},
              "uuid": "e93d55eb-edb5-4b65-a08a-ec4447d8d9d7",
              "parentUUID": "e756f284-ddb7-4010-b53a-7369434f4659",
              "isHook": false,
              "skipped": false
            },
            {
              "title": "should validate the Name field",
              "fullTitle": "Basic Auth Test with Registration Form - Full Validation should validate the Name field",
              "timedOut": null,
              "duration": 3522,
              "state": "passed",
              "speed": "fast",
              "pass": true,
              "fail": false,
              "pending": false,
              "context": null,
              "code": "cy.get('#signupName').clear().type('1'); // Вводимо 1 символ\n// Імітація втрати фокусу для активації валідації\ncy.get('#signupName').blur();\n// Перевіряємо, що з'явився тултіп з класом \"invalid-feedback\"\ncy.get('.invalid-feedback').should('be.visible').and('contain', 'Name is invalid').and('contain', 'Name has to be from 2 to 20 characters long');",
              "err": {},
              "uuid": "45989267-9b51-422c-b1d6-100faa2d22ab",
              "parentUUID": "e756f284-ddb7-4010-b53a-7369434f4659",
              "isHook": false,
              "skipped": false
            },
            {
              "title": "should show validation error for a name longer than 20 characters",
              "fullTitle": "Basic Auth Test with Registration Form - Full Validation should show validation error for a name longer than 20 characters",
              "timedOut": null,
              "duration": 4486,
              "state": "passed",
              "speed": "fast",
              "pass": true,
              "fail": false,
              "pending": false,
              "context": null,
              "code": "const longName = 'ThisNameIsWayTooLong'; // 21 символ\ncy.get('#signupName').clear().type(`   ${longName}   `).blur(); // Тестуємо trim()\n// Перевіряємо тултіп для 21+ символу\ncy.get('.invalid-feedback').should('be.visible').and('contain', 'Name is invalid').and('contain', 'Name has to be from 2 to 20 characters long');",
              "err": {},
              "uuid": "6e01ad8b-eda7-4f36-9d7f-618e2a12af3c",
              "parentUUID": "e756f284-ddb7-4010-b53a-7369434f4659",
              "isHook": false,
              "skipped": false
            },
            {
              "title": "should allow a valid name (between 2 and 20 characters)",
              "fullTitle": "Basic Auth Test with Registration Form - Full Validation should allow a valid name (between 2 and 20 characters)",
              "timedOut": null,
              "duration": 3282,
              "state": "passed",
              "speed": "fast",
              "pass": true,
              "fail": false,
              "pending": false,
              "context": null,
              "code": "const validName = 'John'; // 4 символа\ncy.get('#signupName').clear().type(`   ${validName}   `).blur(); // Тестуємо trim()\n// Переконуємося, що червоний бордер ВІДСУТНІЙ\ncy.get('#signupName').should('not.have.css', 'border-color', 'rgb(220, 53, 69)');",
              "err": {},
              "uuid": "073701e3-d77f-479a-886a-7cdc81e97bdd",
              "parentUUID": "e756f284-ddb7-4010-b53a-7369434f4659",
              "isHook": false,
              "skipped": false
            },
            {
              "title": "should validate the Last Name field",
              "fullTitle": "Basic Auth Test with Registration Form - Full Validation should validate the Last Name field",
              "timedOut": null,
              "duration": 3174,
              "state": "passed",
              "speed": "fast",
              "pass": true,
              "fail": false,
              "pending": false,
              "context": null,
              "code": "cy.get('#signupLastName').clear().type('1@!');\ncy.get('#signupLastName').blur();\ncy.get('.invalid-feedback').should('contain', 'Last name is invalid');",
              "err": {},
              "uuid": "b315561b-2cd0-46bb-a7a9-9b879f2bd8ab",
              "parentUUID": "e756f284-ddb7-4010-b53a-7369434f4659",
              "isHook": false,
              "skipped": false
            },
            {
              "title": "should show validation error for a name longer than 20 characters",
              "fullTitle": "Basic Auth Test with Registration Form - Full Validation should show validation error for a name longer than 20 characters",
              "timedOut": null,
              "duration": 3395,
              "state": "passed",
              "speed": "fast",
              "pass": true,
              "fail": false,
              "pending": false,
              "context": null,
              "code": "const longName = 'ThisNameIsWayTooLong2'; // 21 символ\ncy.get('#signupLastName').clear().type(`   ${longName}   `).blur(); // Тестуємо trim()\n// Перевіряємо тултіп для 21+ символу\ncy.get('.invalid-feedback').should('be.visible').and('contain', 'Last name is invalid').and('contain', 'Last name has to be from 2 to 20 characters long');",
              "err": {},
              "uuid": "67661b85-8014-411d-941c-75e7f1691632",
              "parentUUID": "e756f284-ddb7-4010-b53a-7369434f4659",
              "isHook": false,
              "skipped": false
            },
            {
              "title": "should validate the Email field",
              "fullTitle": "Basic Auth Test with Registration Form - Full Validation should validate the Email field",
              "timedOut": null,
              "duration": 4776,
              "state": "passed",
              "speed": "fast",
              "pass": true,
              "fail": false,
              "pending": false,
              "context": null,
              "code": "cy.get('#signupEmail').clear().type('invalid-email');\ncy.get('#signupEmail').blur();\ncy.get('.invalid-feedback').should('contain', 'Email is incorrect');",
              "err": {},
              "uuid": "ff425e09-9287-4477-824d-39324a6695c3",
              "parentUUID": "e756f284-ddb7-4010-b53a-7369434f4659",
              "isHook": false,
              "skipped": false
            },
            {
              "title": "should validate the Password field",
              "fullTitle": "Basic Auth Test with Registration Form - Full Validation should validate the Password field",
              "timedOut": null,
              "duration": 4957,
              "state": "passed",
              "speed": "fast",
              "pass": true,
              "fail": false,
              "pending": false,
              "context": null,
              "code": "// Перевірка занадто короткого паролю\ncy.get('#signupPassword').clear().type('short');\ncy.get('#signupPassword').blur();\ncy.get('.invalid-feedback').should('contain', 'Password has to be from 8 to 15 characters long and contain at least one integer, one capital, and one small letter');\n// Перевірка занадто довгого пароля\ncy.get('#signupPassword').clear().type('ThisIsAVeryLongPassword123');\ncy.get('#signupPassword').blur();\ncy.get('.invalid-feedback').should('contain', 'Password has to be from 8 to 15 characters long and contain at least one integer, one capital, and one small letter');\n// Перевірка пароля без цифр\ncy.get('#signupPassword').clear().type('NoNumbersHere');\ncy.get('#signupPassword').blur();\ncy.get('.invalid-feedback').should('contain', 'Password has to be from 8 to 15 characters long and contain at least one integer, one capital, and one small letter');\n// Перевірка пароля без великих літер\ncy.get('#signupPassword').clear().type('lowercase123');\ncy.get('#signupPassword').blur();\ncy.get('.invalid-feedback').should('contain', 'Password has to be from 8 to 15 characters long and contain at least one integer, one capital, and one small letter');\n// Перевірка пароля без маленьких літер\ncy.get('#signupPassword').clear().type('UPPERCASE123');\ncy.get('#signupPassword').blur();\ncy.get('.invalid-feedback').should('contain', 'Password has to be from 8 to 15 characters long and contain at least one integer, one capital, and one small letter');",
              "err": {},
              "uuid": "212ac853-d270-40f6-a167-20b22976bd83",
              "parentUUID": "e756f284-ddb7-4010-b53a-7369434f4659",
              "isHook": false,
              "skipped": false
            },
            {
              "title": "should validate the Re-enter Password field",
              "fullTitle": "Basic Auth Test with Registration Form - Full Validation should validate the Re-enter Password field",
              "timedOut": null,
              "duration": 5174,
              "state": "passed",
              "speed": "medium",
              "pass": true,
              "fail": false,
              "pending": false,
              "context": null,
              "code": "cy.get('#signupPassword').clear().type('Password1'); // Вводимо пароль\ncy.get('#signupRepeatPassword').clear().type('WrongPassword1').blur(); // Вводимо інший повторний пароль\n// Очікуємо появу тултіпа\ncy.get('.invalid-feedback').should('be.visible') // Переконуємося, що він з'явився\n.and('contain.text', 'Passwords do not match'); // Переконуємося, що текст правильний\n// Переконуємося, що поле підсвічується червоним\ncy.get('#signupRepeatPassword').should('have.css', 'border-color', 'rgb(220, 53, 69)'); // Червоний бордер",
              "err": {},
              "uuid": "d4b49bb0-9729-4c57-b74f-61430fb258b6",
              "parentUUID": "e756f284-ddb7-4010-b53a-7369434f4659",
              "isHook": false,
              "skipped": false
            },
            {
              "title": "should disable the Register button when data is incorrect",
              "fullTitle": "Basic Auth Test with Registration Form - Full Validation should disable the Register button when data is incorrect",
              "timedOut": null,
              "duration": 3764,
              "state": "passed",
              "speed": "fast",
              "pass": true,
              "fail": false,
              "pending": false,
              "context": null,
              "code": "cy.get('#signupName').clear();\ncy.get('#signupLastName').clear();\ncy.get('#signupEmail').clear();\ncy.get('#signupPassword').clear();\ncy.get('#signupRepeatPassword').clear();\ncy.get('.modal-footer > .btn').should('be.disabled');",
              "err": {},
              "uuid": "b92721c0-5699-49ff-bad3-32ef3831795b",
              "parentUUID": "e756f284-ddb7-4010-b53a-7369434f4659",
              "isHook": false,
              "skipped": false
            },
            {
              "title": "should enable the Register button when all data is valid",
              "fullTitle": "Basic Auth Test with Registration Form - Full Validation should enable the Register button when all data is valid",
              "timedOut": null,
              "duration": 4867,
              "state": "passed",
              "speed": "fast",
              "pass": true,
              "fail": false,
              "pending": false,
              "context": null,
              "code": "// Вводимо валідні дані у поля\ncy.get('#signupName').clear().type('ValidName'); // Валідне ім'я\ncy.get('#signupLastName').clear().type('ValidLastName'); // Валідне прізвище\ncy.get('#signupEmail').clear().type('validemail@example.com'); // Валідний email\ncy.get('#signupPassword').clear().type('Password1'); // Валідний пароль\ncy.get('#signupRepeatPassword').clear().type('Password1'); // Повторений валідний пароль\n// Перевірка, що кнопка реєстрації активна\ncy.get('.modal-footer > .btn').should('not.be.disabled');",
              "err": {},
              "uuid": "c9d331a1-32bf-4853-a3d4-9fc6aad98e16",
              "parentUUID": "e756f284-ddb7-4010-b53a-7369434f4659",
              "isHook": false,
              "skipped": false
            }
          ],
          "suites": [],
          "passes": [
            "e93d55eb-edb5-4b65-a08a-ec4447d8d9d7",
            "45989267-9b51-422c-b1d6-100faa2d22ab",
            "6e01ad8b-eda7-4f36-9d7f-618e2a12af3c",
            "073701e3-d77f-479a-886a-7cdc81e97bdd",
            "b315561b-2cd0-46bb-a7a9-9b879f2bd8ab",
            "67661b85-8014-411d-941c-75e7f1691632",
            "ff425e09-9287-4477-824d-39324a6695c3",
            "212ac853-d270-40f6-a167-20b22976bd83",
            "d4b49bb0-9729-4c57-b74f-61430fb258b6",
            "b92721c0-5699-49ff-bad3-32ef3831795b",
            "c9d331a1-32bf-4853-a3d4-9fc6aad98e16"
          ],
          "failures": [],
          "pending": [],
          "skipped": [],
          "duration": 52358,
          "root": false,
          "rootEmpty": false,
          "_timeout": 2000
        }
      ],
      "passes": [],
      "failures": [],
      "pending": [],
      "skipped": [],
      "duration": 0,
      "root": true,
      "rootEmpty": true,
      "_timeout": 2000
    }
  ],
  "meta": {
    "mocha": {
      "version": "7.0.1"
    },
    "mochawesome": {
      "options": {
        "quiet": false,
        "reportFilename": "mochawesome",
        "saveHtml": true,
        "saveJson": true,
        "consoleReporter": "spec",
        "useInlineDiffs": false,
        "code": true
      },
      "version": "7.1.3"
    },
    "marge": {
      "options": {
        "reportDir": "cypress/reports/qauto",
        "overwrite": false,
        "html": true,
        "json": true,
        "charts": true
      },
      "version": "6.2.0"
    }
  }
}