{
  "stats": {
    "suites": 1,
    "tests": 11,
    "passes": 11,
    "pending": 0,
    "failures": 0,
    "start": "2025-02-15T18:39:29.377Z",
    "end": "2025-02-15T18:39:38.875Z",
    "duration": 9498,
    "testsRegistered": 11,
    "passPercent": 100,
    "pendingPercent": 0,
    "other": 0,
    "hasOther": false,
    "skipped": 0,
    "hasSkipped": false
  },
  "results": [
    {
      "uuid": "85711429-644b-4432-8381-3bd19bb76583",
      "title": "",
      "fullFile": "cypress\\e2e\\header_footer.cy.js",
      "file": "cypress\\e2e\\header_footer.cy.js",
      "beforeHooks": [],
      "afterHooks": [],
      "tests": [],
      "suites": [
        {
          "uuid": "88157d78-2514-4b6c-b90b-88412a2a3279",
          "title": "Basic Auth Test with URL Embedding, Header Button Tests, Footer Social Links, and Hero Section",
          "fullFile": "",
          "file": "",
          "beforeHooks": [],
          "afterHooks": [],
          "tests": [
            {
              "title": "should find the active header link",
              "fullTitle": "Basic Auth Test with URL Embedding, Header Button Tests, Footer Social Links, and Hero Section should find the active header link",
              "timedOut": null,
              "duration": 1211,
              "state": "passed",
              "speed": "fast",
              "pass": true,
              "fail": false,
              "pending": false,
              "context": null,
              "code": "cy.get('a.btn.header-link.-active', {\n  timeout: 15000\n}).should('be.visible').should('not.have.css', 'display', 'none');",
              "err": {},
              "uuid": "88878098-005f-4152-a6bf-ffd5a69b76b7",
              "parentUUID": "88157d78-2514-4b6c-b90b-88412a2a3279",
              "isHook": false,
              "skipped": false
            },
            {
              "title": "should find the first header button",
              "fullTitle": "Basic Auth Test with URL Embedding, Header Button Tests, Footer Social Links, and Hero Section should find the first header button",
              "timedOut": null,
              "duration": 551,
              "state": "passed",
              "speed": "fast",
              "pass": true,
              "fail": false,
              "pending": false,
              "context": null,
              "code": "cy.get('button.btn.header-link', {\n  timeout: 15000\n}).first().should('be.visible').should('not.have.css', 'display', 'none');",
              "err": {},
              "uuid": "71480c92-2136-4900-88d2-dd79b3fb90ce",
              "parentUUID": "88157d78-2514-4b6c-b90b-88412a2a3279",
              "isHook": false,
              "skipped": false
            },
            {
              "title": "should find the second header button",
              "fullTitle": "Basic Auth Test with URL Embedding, Header Button Tests, Footer Social Links, and Hero Section should find the second header button",
              "timedOut": null,
              "duration": 606,
              "state": "passed",
              "speed": "fast",
              "pass": true,
              "fail": false,
              "pending": false,
              "context": null,
              "code": "cy.get('button.btn.header-link', {\n  timeout: 15000\n}).eq(1).should('be.visible').should('not.have.css', 'display', 'none');",
              "err": {},
              "uuid": "f97b6893-d592-4dce-8b42-efeb101262be",
              "parentUUID": "88157d78-2514-4b6c-b90b-88412a2a3279",
              "isHook": false,
              "skipped": false
            },
            {
              "title": "should find the Guest log in button",
              "fullTitle": "Basic Auth Test with URL Embedding, Header Button Tests, Footer Social Links, and Hero Section should find the Guest log in button",
              "timedOut": null,
              "duration": 763,
              "state": "passed",
              "speed": "fast",
              "pass": true,
              "fail": false,
              "pending": false,
              "context": null,
              "code": "cy.get('button.header-link.-guest', {\n  timeout: 15000\n}).should('be.visible').should('not.have.css', 'display', 'none');",
              "err": {},
              "uuid": "2e9a31fc-abff-4282-8afd-760675cce119",
              "parentUUID": "88157d78-2514-4b6c-b90b-88412a2a3279",
              "isHook": false,
              "skipped": false
            },
            {
              "title": "should find the Sign In button",
              "fullTitle": "Basic Auth Test with URL Embedding, Header Button Tests, Footer Social Links, and Hero Section should find the Sign In button",
              "timedOut": null,
              "duration": 621,
              "state": "passed",
              "speed": "fast",
              "pass": true,
              "fail": false,
              "pending": false,
              "context": null,
              "code": "cy.get('button.btn.btn-outline-white.header_signin', {\n  timeout: 15000\n}).should('be.visible').should('not.have.css', 'display', 'none');",
              "err": {},
              "uuid": "61b99b40-a366-46e1-8018-a25ae8deffd3",
              "parentUUID": "88157d78-2514-4b6c-b90b-88412a2a3279",
              "isHook": false,
              "skipped": false
            },
            {
              "title": "should find the Facebook link",
              "fullTitle": "Basic Auth Test with URL Embedding, Header Button Tests, Footer Social Links, and Hero Section should find the Facebook link",
              "timedOut": null,
              "duration": 748,
              "state": "passed",
              "speed": "fast",
              "pass": true,
              "fail": false,
              "pending": false,
              "context": null,
              "code": "cy.get('[href=\"https://www.facebook.com/Hillel.IT.School\"] > .socials_icon', {\n  timeout: 15000\n}).should('be.visible').should('not.have.css', 'display', 'none');",
              "err": {},
              "uuid": "8f2c207b-4c07-4600-b567-73168583f6fd",
              "parentUUID": "88157d78-2514-4b6c-b90b-88412a2a3279",
              "isHook": false,
              "skipped": false
            },
            {
              "title": "should find the Telegram link",
              "fullTitle": "Basic Auth Test with URL Embedding, Header Button Tests, Footer Social Links, and Hero Section should find the Telegram link",
              "timedOut": null,
              "duration": 735,
              "state": "passed",
              "speed": "fast",
              "pass": true,
              "fail": false,
              "pending": false,
              "context": null,
              "code": "cy.get('[href=\"https://t.me/ithillel_kyiv\"] > .socials_icon', {\n  timeout: 15000\n}).should('be.visible').should('not.have.css', 'display', 'none');",
              "err": {},
              "uuid": "bacadd99-bb78-41af-b2ef-49c081813a5e",
              "parentUUID": "88157d78-2514-4b6c-b90b-88412a2a3279",
              "isHook": false,
              "skipped": false
            },
            {
              "title": "should find the YouTube link",
              "fullTitle": "Basic Auth Test with URL Embedding, Header Button Tests, Footer Social Links, and Hero Section should find the YouTube link",
              "timedOut": null,
              "duration": 772,
              "state": "passed",
              "speed": "fast",
              "pass": true,
              "fail": false,
              "pending": false,
              "context": null,
              "code": "cy.get('[href=\"https://www.youtube.com/user/HillelITSchool?sub_confirmation=1\"] > .socials_icon', {\n  timeout: 15000\n}).should('be.visible').should('not.have.css', 'display', 'none');",
              "err": {},
              "uuid": "0fa1fb5d-2982-42c6-9451-57e67c3a19cf",
              "parentUUID": "88157d78-2514-4b6c-b90b-88412a2a3279",
              "isHook": false,
              "skipped": false
            },
            {
              "title": "should find the Instagram link",
              "fullTitle": "Basic Auth Test with URL Embedding, Header Button Tests, Footer Social Links, and Hero Section should find the Instagram link",
              "timedOut": null,
              "duration": 647,
              "state": "passed",
              "speed": "fast",
              "pass": true,
              "fail": false,
              "pending": false,
              "context": null,
              "code": "cy.get('[href=\"https://www.instagram.com/hillel_itschool/\"] > .socials_icon', {\n  timeout: 15000\n}).should('be.visible').should('not.have.css', 'display', 'none');",
              "err": {},
              "uuid": "03c687a6-f7b7-456e-83e4-dfad523c94ae",
              "parentUUID": "88157d78-2514-4b6c-b90b-88412a2a3279",
              "isHook": false,
              "skipped": false
            },
            {
              "title": "should find the LinkedIn link",
              "fullTitle": "Basic Auth Test with URL Embedding, Header Button Tests, Footer Social Links, and Hero Section should find the LinkedIn link",
              "timedOut": null,
              "duration": 602,
              "state": "passed",
              "speed": "fast",
              "pass": true,
              "fail": false,
              "pending": false,
              "context": null,
              "code": "cy.get('[href=\"https://www.linkedin.com/school/ithillel/\"] > .socials_icon', {\n  timeout: 15000\n}).should('be.visible').should('not.have.css', 'display', 'none');",
              "err": {},
              "uuid": "56002129-598d-44c4-8f6f-7859c6706394",
              "parentUUID": "88157d78-2514-4b6c-b90b-88412a2a3279",
              "isHook": false,
              "skipped": false
            },
            {
              "title": "should verify the visibility and existence of elements in the hero section",
              "fullTitle": "Basic Auth Test with URL Embedding, Header Button Tests, Footer Social Links, and Hero Section should verify the visibility and existence of elements in the hero section",
              "timedOut": null,
              "duration": 647,
              "state": "passed",
              "speed": "fast",
              "pass": true,
              "fail": false,
              "pending": false,
              "context": null,
              "code": "// Перевірка кнопки\ncy.get('.hero-descriptor_btn', {\n  timeout: 15000\n}).should('exist').should('be.visible');\n// Перевірка заголовка\ncy.get('.display-4', {\n  timeout: 15000\n}).should('exist').should('be.visible');\n// Перевірка підзаголовка\ncy.get('.h4', {\n  timeout: 15000\n}).should('exist').should('be.visible');",
              "err": {},
              "uuid": "56960004-ae4f-42c7-ada0-8df7ee014269",
              "parentUUID": "88157d78-2514-4b6c-b90b-88412a2a3279",
              "isHook": false,
              "skipped": false
            }
          ],
          "suites": [],
          "passes": [
            "88878098-005f-4152-a6bf-ffd5a69b76b7",
            "71480c92-2136-4900-88d2-dd79b3fb90ce",
            "f97b6893-d592-4dce-8b42-efeb101262be",
            "2e9a31fc-abff-4282-8afd-760675cce119",
            "61b99b40-a366-46e1-8018-a25ae8deffd3",
            "8f2c207b-4c07-4600-b567-73168583f6fd",
            "bacadd99-bb78-41af-b2ef-49c081813a5e",
            "0fa1fb5d-2982-42c6-9451-57e67c3a19cf",
            "03c687a6-f7b7-456e-83e4-dfad523c94ae",
            "56002129-598d-44c4-8f6f-7859c6706394",
            "56960004-ae4f-42c7-ada0-8df7ee014269"
          ],
          "failures": [],
          "pending": [],
          "skipped": [],
          "duration": 7903,
          "root": false,
          "rootEmpty": false,
          "_timeout": 2000
        }
      ],
      "passes": [],
      "failures": [],
      "pending": [],
      "skipped": [],
      "duration": 0,
      "root": true,
      "rootEmpty": true,
      "_timeout": 2000
    }
  ],
  "meta": {
    "mocha": {
      "version": "7.0.1"
    },
    "mochawesome": {
      "options": {
        "quiet": false,
        "reportFilename": "mochawesome",
        "saveHtml": true,
        "saveJson": true,
        "consoleReporter": "spec",
        "useInlineDiffs": false,
        "code": true
      },
      "version": "7.1.3"
    },
    "marge": {
      "options": {
        "reportDir": "cypress/reports/qauto",
        "overwrite": false,
        "html": true,
        "json": true,
        "charts": true
      },
      "version": "6.2.0"
    }
  }
}