{
  "stats": {
    "suites": 1,
    "tests": 11,
    "passes": 11,
    "pending": 0,
    "failures": 0,
    "start": "2025-02-15T19:00:45.752Z",
    "end": "2025-02-15T19:00:55.232Z",
    "duration": 9480,
    "testsRegistered": 11,
    "passPercent": 100,
    "pendingPercent": 0,
    "other": 0,
    "hasOther": false,
    "skipped": 0,
    "hasSkipped": false
  },
  "results": [
    {
      "uuid": "363ef0d0-39fe-4408-97a2-f1da2dd87341",
      "title": "",
      "fullFile": "cypress\\e2e\\header_footer.cy.js",
      "file": "cypress\\e2e\\header_footer.cy.js",
      "beforeHooks": [],
      "afterHooks": [],
      "tests": [],
      "suites": [
        {
          "uuid": "d9c73d14-7d4a-4a6c-9382-e936c514d728",
          "title": "Basic Auth Test with URL Embedding, Header Button Tests, Footer Social Links, and Hero Section",
          "fullFile": "",
          "file": "",
          "beforeHooks": [],
          "afterHooks": [],
          "tests": [
            {
              "title": "should find the active header link",
              "fullTitle": "Basic Auth Test with URL Embedding, Header Button Tests, Footer Social Links, and Hero Section should find the active header link",
              "timedOut": null,
              "duration": 1261,
              "state": "passed",
              "speed": "fast",
              "pass": true,
              "fail": false,
              "pending": false,
              "context": null,
              "code": "cy.get('a.btn.header-link.-active', {\n  timeout: 15000\n}).should('be.visible').should('not.have.css', 'display', 'none');",
              "err": {},
              "uuid": "f0526f3f-4798-4556-87b8-86e563f680b8",
              "parentUUID": "d9c73d14-7d4a-4a6c-9382-e936c514d728",
              "isHook": false,
              "skipped": false
            },
            {
              "title": "should find the first header button",
              "fullTitle": "Basic Auth Test with URL Embedding, Header Button Tests, Footer Social Links, and Hero Section should find the first header button",
              "timedOut": null,
              "duration": 521,
              "state": "passed",
              "speed": "fast",
              "pass": true,
              "fail": false,
              "pending": false,
              "context": null,
              "code": "cy.get('button.btn.header-link', {\n  timeout: 15000\n}).first().should('be.visible').should('not.have.css', 'display', 'none');",
              "err": {},
              "uuid": "65a1c93c-6e0f-4440-b6bd-9ac1d831b86d",
              "parentUUID": "d9c73d14-7d4a-4a6c-9382-e936c514d728",
              "isHook": false,
              "skipped": false
            },
            {
              "title": "should find the second header button",
              "fullTitle": "Basic Auth Test with URL Embedding, Header Button Tests, Footer Social Links, and Hero Section should find the second header button",
              "timedOut": null,
              "duration": 649,
              "state": "passed",
              "speed": "fast",
              "pass": true,
              "fail": false,
              "pending": false,
              "context": null,
              "code": "cy.get('button.btn.header-link', {\n  timeout: 15000\n}).eq(1).should('be.visible').should('not.have.css', 'display', 'none');",
              "err": {},
              "uuid": "46ff924a-b730-4322-99a9-ba7fe51c7526",
              "parentUUID": "d9c73d14-7d4a-4a6c-9382-e936c514d728",
              "isHook": false,
              "skipped": false
            },
            {
              "title": "should find the Guest log in button",
              "fullTitle": "Basic Auth Test with URL Embedding, Header Button Tests, Footer Social Links, and Hero Section should find the Guest log in button",
              "timedOut": null,
              "duration": 676,
              "state": "passed",
              "speed": "fast",
              "pass": true,
              "fail": false,
              "pending": false,
              "context": null,
              "code": "cy.get('button.header-link.-guest', {\n  timeout: 15000\n}).should('be.visible').should('not.have.css', 'display', 'none');",
              "err": {},
              "uuid": "fcfd0ccf-05e4-47cd-995b-7a4f0260bf0b",
              "parentUUID": "d9c73d14-7d4a-4a6c-9382-e936c514d728",
              "isHook": false,
              "skipped": false
            },
            {
              "title": "should find the Sign In button",
              "fullTitle": "Basic Auth Test with URL Embedding, Header Button Tests, Footer Social Links, and Hero Section should find the Sign In button",
              "timedOut": null,
              "duration": 628,
              "state": "passed",
              "speed": "fast",
              "pass": true,
              "fail": false,
              "pending": false,
              "context": null,
              "code": "cy.get('button.btn.btn-outline-white.header_signin', {\n  timeout: 15000\n}).should('be.visible').should('not.have.css', 'display', 'none');",
              "err": {},
              "uuid": "66956c8e-f38d-437a-9428-ac178b2c7f0b",
              "parentUUID": "d9c73d14-7d4a-4a6c-9382-e936c514d728",
              "isHook": false,
              "skipped": false
            },
            {
              "title": "should find the Facebook link",
              "fullTitle": "Basic Auth Test with URL Embedding, Header Button Tests, Footer Social Links, and Hero Section should find the Facebook link",
              "timedOut": null,
              "duration": 725,
              "state": "passed",
              "speed": "fast",
              "pass": true,
              "fail": false,
              "pending": false,
              "context": null,
              "code": "cy.get('[href=\"https://www.facebook.com/Hillel.IT.School\"] > .socials_icon', {\n  timeout: 15000\n}).should('be.visible').should('not.have.css', 'display', 'none');",
              "err": {},
              "uuid": "2be1cc45-b88f-4caa-a4d4-4e8eaff29852",
              "parentUUID": "d9c73d14-7d4a-4a6c-9382-e936c514d728",
              "isHook": false,
              "skipped": false
            },
            {
              "title": "should find the Telegram link",
              "fullTitle": "Basic Auth Test with URL Embedding, Header Button Tests, Footer Social Links, and Hero Section should find the Telegram link",
              "timedOut": null,
              "duration": 690,
              "state": "passed",
              "speed": "fast",
              "pass": true,
              "fail": false,
              "pending": false,
              "context": null,
              "code": "cy.get('[href=\"https://t.me/ithillel_kyiv\"] > .socials_icon', {\n  timeout: 15000\n}).should('be.visible').should('not.have.css', 'display', 'none');",
              "err": {},
              "uuid": "0edceb3d-c070-4d69-bea6-29b577cbdd2f",
              "parentUUID": "d9c73d14-7d4a-4a6c-9382-e936c514d728",
              "isHook": false,
              "skipped": false
            },
            {
              "title": "should find the YouTube link",
              "fullTitle": "Basic Auth Test with URL Embedding, Header Button Tests, Footer Social Links, and Hero Section should find the YouTube link",
              "timedOut": null,
              "duration": 807,
              "state": "passed",
              "speed": "fast",
              "pass": true,
              "fail": false,
              "pending": false,
              "context": null,
              "code": "cy.get('[href=\"https://www.youtube.com/user/HillelITSchool?sub_confirmation=1\"] > .socials_icon', {\n  timeout: 15000\n}).should('be.visible').should('not.have.css', 'display', 'none');",
              "err": {},
              "uuid": "5e14c21d-02e2-44c2-8315-4040ceefabfb",
              "parentUUID": "d9c73d14-7d4a-4a6c-9382-e936c514d728",
              "isHook": false,
              "skipped": false
            },
            {
              "title": "should find the Instagram link",
              "fullTitle": "Basic Auth Test with URL Embedding, Header Button Tests, Footer Social Links, and Hero Section should find the Instagram link",
              "timedOut": null,
              "duration": 693,
              "state": "passed",
              "speed": "fast",
              "pass": true,
              "fail": false,
              "pending": false,
              "context": null,
              "code": "cy.get('[href=\"https://www.instagram.com/hillel_itschool/\"] > .socials_icon', {\n  timeout: 15000\n}).should('be.visible').should('not.have.css', 'display', 'none');",
              "err": {},
              "uuid": "c08b80ad-94f2-4209-96a7-c91b2407d33f",
              "parentUUID": "d9c73d14-7d4a-4a6c-9382-e936c514d728",
              "isHook": false,
              "skipped": false
            },
            {
              "title": "should find the LinkedIn link",
              "fullTitle": "Basic Auth Test with URL Embedding, Header Button Tests, Footer Social Links, and Hero Section should find the LinkedIn link",
              "timedOut": null,
              "duration": 794,
              "state": "passed",
              "speed": "fast",
              "pass": true,
              "fail": false,
              "pending": false,
              "context": null,
              "code": "cy.get('[href=\"https://www.linkedin.com/school/ithillel/\"] > .socials_icon', {\n  timeout: 15000\n}).should('be.visible').should('not.have.css', 'display', 'none');",
              "err": {},
              "uuid": "fc10857c-652e-4484-a836-5ef67f0c99f9",
              "parentUUID": "d9c73d14-7d4a-4a6c-9382-e936c514d728",
              "isHook": false,
              "skipped": false
            },
            {
              "title": "should verify the visibility and existence of elements in the hero section",
              "fullTitle": "Basic Auth Test with URL Embedding, Header Button Tests, Footer Social Links, and Hero Section should verify the visibility and existence of elements in the hero section",
              "timedOut": null,
              "duration": 695,
              "state": "passed",
              "speed": "fast",
              "pass": true,
              "fail": false,
              "pending": false,
              "context": null,
              "code": "// Перевірка кнопки\ncy.get('.hero-descriptor_btn', {\n  timeout: 15000\n}).should('exist').should('be.visible');\n// Перевірка заголовка\ncy.get('.display-4', {\n  timeout: 15000\n}).should('exist').should('be.visible');\n// Перевірка підзаголовка\ncy.get('.h4', {\n  timeout: 15000\n}).should('exist').should('be.visible');",
              "err": {},
              "uuid": "dfeb4649-8f52-475b-813e-d8481d5dfd8e",
              "parentUUID": "d9c73d14-7d4a-4a6c-9382-e936c514d728",
              "isHook": false,
              "skipped": false
            }
          ],
          "suites": [],
          "passes": [
            "f0526f3f-4798-4556-87b8-86e563f680b8",
            "65a1c93c-6e0f-4440-b6bd-9ac1d831b86d",
            "46ff924a-b730-4322-99a9-ba7fe51c7526",
            "fcfd0ccf-05e4-47cd-995b-7a4f0260bf0b",
            "66956c8e-f38d-437a-9428-ac178b2c7f0b",
            "2be1cc45-b88f-4caa-a4d4-4e8eaff29852",
            "0edceb3d-c070-4d69-bea6-29b577cbdd2f",
            "5e14c21d-02e2-44c2-8315-4040ceefabfb",
            "c08b80ad-94f2-4209-96a7-c91b2407d33f",
            "fc10857c-652e-4484-a836-5ef67f0c99f9",
            "dfeb4649-8f52-475b-813e-d8481d5dfd8e"
          ],
          "failures": [],
          "pending": [],
          "skipped": [],
          "duration": 8139,
          "root": false,
          "rootEmpty": false,
          "_timeout": 2000
        }
      ],
      "passes": [],
      "failures": [],
      "pending": [],
      "skipped": [],
      "duration": 0,
      "root": true,
      "rootEmpty": true,
      "_timeout": 2000
    }
  ],
  "meta": {
    "mocha": {
      "version": "7.0.1"
    },
    "mochawesome": {
      "options": {
        "quiet": false,
        "reportFilename": "mochawesome",
        "saveHtml": true,
        "saveJson": true,
        "consoleReporter": "spec",
        "useInlineDiffs": false,
        "code": true
      },
      "version": "7.1.3"
    },
    "marge": {
      "options": {
        "reportDir": "cypress/reports/qauto",
        "overwrite": false,
        "html": true,
        "json": true,
        "charts": true
      },
      "version": "6.2.0"
    }
  }
}