{
  "stats": {
    "suites": 1,
    "tests": 1,
    "passes": 1,
    "pending": 0,
    "failures": 0,
    "start": "2025-02-15T18:40:42.628Z",
    "end": "2025-02-15T18:40:45.820Z",
    "duration": 3192,
    "testsRegistered": 1,
    "passPercent": 100,
    "pendingPercent": 0,
    "other": 0,
    "hasOther": false,
    "skipped": 0,
    "hasSkipped": false
  },
  "results": [
    {
      "uuid": "c787bd43-382a-49fa-a8aa-dd09918bea7a",
      "title": "",
      "fullFile": "cypress\\e2e\\sample.cy.js",
      "file": "cypress\\e2e\\sample.cy.js",
      "beforeHooks": [],
      "afterHooks": [],
      "tests": [],
      "suites": [
        {
          "uuid": "f02c9fe7-55ee-473c-9f22-9ede0a1a6ea9",
          "title": "Простий тест",
          "fullFile": "",
          "file": "",
          "beforeHooks": [],
          "afterHooks": [],
          "tests": [
            {
              "title": "Відкриває сайт і перевіряє заголовок",
              "fullTitle": "Простий тест Відкриває сайт і перевіряє заголовок",
              "timedOut": null,
              "duration": 1495,
              "state": "passed",
              "speed": "fast",
              "pass": true,
              "fail": false,
              "pending": false,
              "context": null,
              "code": "cy.visit('https://google.com'); // Замініть на свій сайт\n//cy.title().should('include', 'Example Domain'); // Перевіряємо, що заголовок містить \"Example Domain\"",
              "err": {},
              "uuid": "faa39016-56c1-40b1-86fa-5276ef900110",
              "parentUUID": "f02c9fe7-55ee-473c-9f22-9ede0a1a6ea9",
              "isHook": false,
              "skipped": false
            }
          ],
          "suites": [],
          "passes": [
            "faa39016-56c1-40b1-86fa-5276ef900110"
          ],
          "failures": [],
          "pending": [],
          "skipped": [],
          "duration": 1495,
          "root": false,
          "rootEmpty": false,
          "_timeout": 2000
        }
      ],
      "passes": [],
      "failures": [],
      "pending": [],
      "skipped": [],
      "duration": 0,
      "root": true,
      "rootEmpty": true,
      "_timeout": 2000
    }
  ],
  "meta": {
    "mocha": {
      "version": "7.0.1"
    },
    "mochawesome": {
      "options": {
        "quiet": false,
        "reportFilename": "mochawesome",
        "saveHtml": true,
        "saveJson": true,
        "consoleReporter": "spec",
        "useInlineDiffs": false,
        "code": true
      },
      "version": "7.1.3"
    },
    "marge": {
      "options": {
        "reportDir": "cypress/reports/qauto",
        "overwrite": false,
        "html": true,
        "json": true,
        "charts": true
      },
      "version": "6.2.0"
    }
  }
}