{
  "stats": {
    "suites": 1,
    "tests": 4,
    "passes": 4,
    "pending": 0,
    "failures": 0,
    "start": "2025-02-15T18:45:12.768Z",
    "end": "2025-02-15T18:45:14.744Z",
    "duration": 1976,
    "testsRegistered": 4,
    "passPercent": 100,
    "pendingPercent": 0,
    "other": 0,
    "hasOther": false,
    "skipped": 0,
    "hasSkipped": false
  },
  "results": [
    {
      "uuid": "40f7342f-5db9-4427-a916-c884e479db9a",
      "title": "",
      "fullFile": "cypress\\e2e\\2-advanced-examples\\files.cy.js",
      "file": "cypress\\e2e\\2-advanced-examples\\files.cy.js",
      "beforeHooks": [],
      "afterHooks": [],
      "tests": [],
      "suites": [
        {
          "uuid": "94fb22b9-f682-4278-b87e-687b463dfa24",
          "title": "Files",
          "fullFile": "",
          "file": "",
          "beforeHooks": [],
          "afterHooks": [],
          "tests": [
            {
              "title": "cy.fixture() - load a fixture",
              "fullTitle": "Files cy.fixture() - load a fixture",
              "timedOut": null,
              "duration": 368,
              "state": "passed",
              "speed": "fast",
              "pass": true,
              "fail": false,
              "pending": false,
              "context": null,
              "code": "// https://on.cypress.io/fixture\n// Instead of writing a response inline you can\n// use a fixture file's content.\n// when application makes an Ajax request matching \"GET **/comments/*\"\n// Cypress will intercept it and reply with the object in `example.json` fixture\ncy.intercept('GET', '**/comments/*', {\n  fixture: 'example.json'\n}).as('getComment');\n// we have code that gets a comment when\n// the button is clicked in scripts.js\ncy.get('.fixture-btn').click();\ncy.wait('@getComment').its('response.body').should('have.property', 'name').and('include', 'Using fixtures to represent data');",
              "err": {},
              "uuid": "ec32af55-679a-49de-ac01-25ce2ef5cfcf",
              "parentUUID": "94fb22b9-f682-4278-b87e-687b463dfa24",
              "isHook": false,
              "skipped": false
            },
            {
              "title": "cy.fixture() or require - load a fixture",
              "fullTitle": "Files cy.fixture() or require - load a fixture",
              "timedOut": null,
              "duration": 94,
              "state": "passed",
              "speed": "fast",
              "pass": true,
              "fail": false,
              "pending": false,
              "context": null,
              "code": "// we are inside the \"function () { ... }\"\n// callback and can use test context object \"this\"\n// \"this.example\" was loaded in \"beforeEach\" function callback\nexpect(this.example, 'fixture in the test context').to.deep.equal(requiredExample);\n// or use \"cy.wrap\" and \"should('deep.equal', ...)\" assertion\ncy.wrap(this.example).should('deep.equal', requiredExample);",
              "err": {},
              "uuid": "3ec05019-35df-46fd-9d39-eb9d5fac0007",
              "parentUUID": "94fb22b9-f682-4278-b87e-687b463dfa24",
              "isHook": false,
              "skipped": false
            },
            {
              "title": "cy.readFile() - read file contents",
              "fullTitle": "Files cy.readFile() - read file contents",
              "timedOut": null,
              "duration": 112,
              "state": "passed",
              "speed": "fast",
              "pass": true,
              "fail": false,
              "pending": false,
              "context": null,
              "code": "// https://on.cypress.io/readfile\n// You can read a file and yield its contents\n// The filePath is relative to your project's root.\ncy.readFile(Cypress.config('configFile')).then(config => {\n  expect(config).to.be.an('string');\n});",
              "err": {},
              "uuid": "e2987ecf-6d5e-4bf9-b9d9-0b5fa354b26d",
              "parentUUID": "94fb22b9-f682-4278-b87e-687b463dfa24",
              "isHook": false,
              "skipped": false
            },
            {
              "title": "cy.writeFile() - write to a file",
              "fullTitle": "Files cy.writeFile() - write to a file",
              "timedOut": null,
              "duration": 310,
              "state": "passed",
              "speed": "fast",
              "pass": true,
              "fail": false,
              "pending": false,
              "context": null,
              "code": "// https://on.cypress.io/writefile\n// You can write to a file\n// Use a response from a request to automatically\n// generate a fixture file for use later\ncy.request('https://jsonplaceholder.cypress.io/users').then(response => {\n  cy.writeFile('cypress/fixtures/users.json', response.body);\n});\ncy.fixture('users').should(users => {\n  expect(users[0].name).to.exist;\n});\n// JavaScript arrays and objects are stringified\n// and formatted into text.\ncy.writeFile('cypress/fixtures/profile.json', {\n  id: 8739,\n  name: 'Jane',\n  email: 'jane@example.com'\n});\ncy.fixture('profile').should(profile => {\n  expect(profile.name).to.eq('Jane');\n});",
              "err": {},
              "uuid": "636bc5ff-de1b-44ec-9b3f-a27e297a601a",
              "parentUUID": "94fb22b9-f682-4278-b87e-687b463dfa24",
              "isHook": false,
              "skipped": false
            }
          ],
          "suites": [],
          "passes": [
            "ec32af55-679a-49de-ac01-25ce2ef5cfcf",
            "3ec05019-35df-46fd-9d39-eb9d5fac0007",
            "e2987ecf-6d5e-4bf9-b9d9-0b5fa354b26d",
            "636bc5ff-de1b-44ec-9b3f-a27e297a601a"
          ],
          "failures": [],
          "pending": [],
          "skipped": [],
          "duration": 884,
          "root": false,
          "rootEmpty": false,
          "_timeout": 2000
        }
      ],
      "passes": [],
      "failures": [],
      "pending": [],
      "skipped": [],
      "duration": 0,
      "root": true,
      "rootEmpty": true,
      "_timeout": 2000
    }
  ],
  "meta": {
    "mocha": {
      "version": "7.0.1"
    },
    "mochawesome": {
      "options": {
        "quiet": false,
        "reportFilename": "mochawesome",
        "saveHtml": true,
        "saveJson": true,
        "consoleReporter": "spec",
        "useInlineDiffs": false,
        "code": true
      },
      "version": "7.1.3"
    },
    "marge": {
      "options": {
        "reportDir": "cypress/reports/qauto",
        "overwrite": false,
        "html": true,
        "json": true,
        "charts": true
      },
      "version": "6.2.0"
    }
  }
}